[INFO] Scanning for projects...
[INFO] 
[INFO] ----------------------< com.example:Userservice >-----------------------
[INFO] Building Userservice 0.0.1-SNAPSHOT
[INFO]   from pom.xml
[INFO] --------------------------------[ jar ]---------------------------------
[INFO] 
[INFO] >>> spring-boot:3.2.5:run (default-cli) > test-compile @ Userservice >>>
[INFO] 
[INFO] --- resources:3.3.1:resources (default-resources) @ Userservice ---
[INFO] Copying 1 resource from src/main/resources to target/classes
[INFO] Copying 0 resource from src/main/resources to target/classes
[INFO] 
[INFO] --- compiler:3.11.0:compile (default-compile) @ Userservice ---
[INFO] Nothing to compile - all classes are up to date
[INFO] 
[INFO] --- resources:3.3.1:testResources (default-testResources) @ Userservice ---
[INFO] skip non existing resourceDirectory /Users/abishekvishva/Documents/Projects/Instabuy/backend/Userservice/src/test/resources
[INFO] 
[INFO] --- compiler:3.11.0:testCompile (default-testCompile) @ Userservice ---
[INFO] Nothing to compile - all classes are up to date
[INFO] 
[INFO] <<< spring-boot:3.2.5:run (default-cli) < test-compile @ Userservice <<<
[INFO] 
[INFO] 
[INFO] --- spring-boot:3.2.5:run (default-cli) @ Userservice ---
[INFO] Attaching agents: []

  .   ____          _            __ _ _
 /\\ / ___'_ __ _ _(_)_ __  __ _ \ \ \ \
( ( )\___ | '_ | '_| | '_ \/ _` | \ \ \ \
 \\/  ___)| |_)| | | | | || (_| |  ) ) ) )
  '  |____| .__|_| |_|_| |_\__, | / / / /
 =========|_|==============|___/=/_/_/_/
 :: Spring Boot ::                (v3.2.5)

2026-03-23T21:58:02.961+05:30  INFO 54136 --- [USER-SERVICE] [           main] c.e.userservice.UserserviceApplication   : Starting UserserviceApplication using Java 21.0.4 with PID 54136 (/Users/abishekvishva/Documents/Projects/Instabuy/backend/Userservice/target/classes started by abishekvishva in /Users/abishekvishva/Documents/Projects/Instabuy/backend/Userservice)
2026-03-23T21:58:02.963+05:30  INFO 54136 --- [USER-SERVICE] [           main] c.e.userservice.UserserviceApplication   : No active profile set, falling back to 1 default profile: "default"
2026-03-23T21:58:03.679+05:30  INFO 54136 --- [USER-SERVICE] [           main] .s.d.r.c.RepositoryConfigurationDelegate : Bootstrapping Spring Data JPA repositories in DEFAULT mode.
2026-03-23T21:58:03.807+05:30  INFO 54136 --- [USER-SERVICE] [           main] .s.d.r.c.RepositoryConfigurationDelegate : Finished Spring Data repository scanning in 122 ms. Found 3 JPA repository interfaces.
2026-03-23T21:58:04.028+05:30  INFO 54136 --- [USER-SERVICE] [           main] o.s.cloud.context.scope.GenericScope     : BeanFactory id=765f7f40-fac5-3f6e-86d5-ce103b88aefe
2026-03-23T21:58:04.148+05:30  WARN 54136 --- [USER-SERVICE] [           main] trationDelegate$BeanPostProcessorChecker : Bean 'org.springframework.cloud.client.loadbalancer.LoadBalancerAutoConfiguration$DeferringLoadBalancerInterceptorConfig' of type [org.springframework.cloud.client.loadbalancer.LoadBalancerAutoConfiguration$DeferringLoadBalancerInterceptorConfig] is not eligible for getting processed by all BeanPostProcessors (for example: not eligible for auto-proxying). The currently created BeanPostProcessor [lbRestClientPostProcessor] is declared through a non-static factory method on that class; consider declaring it as static instead.
2026-03-23T21:58:04.149+05:30  WARN 54136 --- [USER-SERVICE] [           main] trationDelegate$BeanPostProcessorChecker : Bean 'deferringLoadBalancerInterceptor' of type [org.springframework.cloud.client.loadbalancer.DeferringLoadBalancerInterceptor] is not eligible for getting processed by all BeanPostProcessors (for example: not eligible for auto-proxying). Is this bean getting eagerly injected into a currently created BeanPostProcessor [lbRestClientPostProcessor]? Check the corresponding BeanPostProcessor declaration and its dependencies.
2026-03-23T21:58:04.316+05:30  INFO 54136 --- [USER-SERVICE] [           main] o.s.b.w.embedded.tomcat.TomcatWebServer  : Tomcat initialized with port 0 (http)
2026-03-23T21:58:04.328+05:30  INFO 54136 --- [USER-SERVICE] [           main] o.apache.catalina.core.StandardService   : Starting service [Tomcat]
2026-03-23T21:58:04.328+05:30  INFO 54136 --- [USER-SERVICE] [           main] o.apache.catalina.core.StandardEngine    : Starting Servlet engine: [Apache Tomcat/10.1.20]
2026-03-23T21:58:04.371+05:30  INFO 54136 --- [USER-SERVICE] [           main] o.a.c.c.C.[Tomcat].[localhost].[/]       : Initializing Spring embedded WebApplicationContext
2026-03-23T21:58:04.372+05:30  INFO 54136 --- [USER-SERVICE] [           main] w.s.c.ServletWebServerApplicationContext : Root WebApplicationContext: initialization completed in 1378 ms
2026-03-23T21:58:04.461+05:30  INFO 54136 --- [USER-SERVICE] [           main] o.hibernate.jpa.internal.util.LogHelper  : HHH000204: Processing PersistenceUnitInfo [name: default]
2026-03-23T21:58:04.495+05:30  INFO 54136 --- [USER-SERVICE] [           main] org.hibernate.Version                    : HHH000412: Hibernate ORM core version 6.4.4.Final
2026-03-23T21:58:04.518+05:30  INFO 54136 --- [USER-SERVICE] [           main] o.h.c.internal.RegionFactoryInitiator    : HHH000026: Second-level cache disabled
2026-03-23T21:58:04.667+05:30  INFO 54136 --- [USER-SERVICE] [           main] o.s.o.j.p.SpringPersistenceUnitInfo      : No LoadTimeWeaver setup: ignoring JPA class transformer
2026-03-23T21:58:04.686+05:30  INFO 54136 --- [USER-SERVICE] [           main] com.zaxxer.hikari.HikariDataSource       : HikariPool-1 - Starting...
2026-03-23T21:58:04.849+05:30  INFO 54136 --- [USER-SERVICE] [           main] com.zaxxer.hikari.pool.HikariPool        : HikariPool-1 - Added connection com.mysql.cj.jdbc.ConnectionImpl@750e2d33
2026-03-23T21:58:04.851+05:30  INFO 54136 --- [USER-SERVICE] [           main] com.zaxxer.hikari.HikariDataSource       : HikariPool-1 - Start completed.
2026-03-23T21:58:04.884+05:30  WARN 54136 --- [USER-SERVICE] [           main] org.hibernate.orm.deprecation            : HHH90000025: MySQLDialect does not need to be specified explicitly using 'hibernate.dialect' (remove the property setting and it will be selected by default)
2026-03-23T21:58:05.644+05:30  INFO 54136 --- [USER-SERVICE] [           main] o.h.e.t.j.p.i.JtaPlatformInitiator       : HHH000489: No JTA platform available (set 'hibernate.transaction.jta.platform' to enable JTA platform integration)
2026-03-23T21:58:05.718+05:30  INFO 54136 --- [USER-SERVICE] [           main] j.LocalContainerEntityManagerFactoryBean : Initialized JPA EntityManagerFactory for persistence unit 'default'
2026-03-23T21:58:05.964+05:30  WARN 54136 --- [USER-SERVICE] [           main] JpaBaseConfiguration$JpaWebConfiguration : spring.jpa.open-in-view is enabled by default. Therefore, database queries may be performed during view rendering. Explicitly configure spring.jpa.open-in-view to disable this warning
2026-03-23T21:58:06.115+05:30  INFO 54136 --- [USER-SERVICE] [           main] o.s.s.web.DefaultSecurityFilterChain     : Will secure any request with [org.springframework.security.web.session.DisableEncodeUrlFilter@ab595e8, org.springframework.security.web.context.request.async.WebAsyncManagerIntegrationFilter@170937fe, org.springframework.security.web.context.SecurityContextHolderFilter@65192f16, org.springframework.security.web.header.HeaderWriterFilter@49dacc93, org.springframework.web.filter.CorsFilter@623be2a0, org.springframework.security.web.authentication.logout.LogoutFilter@408bb173, com.example.userservice.security.JwtAuthenticationFilter@350d9d23, org.springframework.security.web.savedrequest.RequestCacheAwareFilter@76cad511, org.springframework.security.web.servletapi.SecurityContextHolderAwareRequestFilter@1ff52a71, org.springframework.security.web.authentication.AnonymousAuthenticationFilter@3b44ed3c, org.springframework.security.web.access.ExceptionTranslationFilter@1174ff02, org.springframework.security.web.access.intercept.AuthorizationFilter@21b792c2]
2026-03-23T21:58:06.281+05:30  INFO 54136 --- [USER-SERVICE] [           main] DiscoveryClientOptionalArgsConfiguration : Eureka HTTP Client uses RestTemplate.
2026-03-23T21:58:06.301+05:30  WARN 54136 --- [USER-SERVICE] [           main] iguration$LoadBalancerCaffeineWarnLogger : Spring Cloud LoadBalancer is currently working with the default cache. While this cache implementation is useful for development and tests, it's recommended to use Caffeine cache in production.You can switch to using Caffeine cache, by adding it and org.springframework.cache.caffeine.CaffeineCacheManager to the classpath.
2026-03-23T21:58:06.317+05:30  INFO 54136 --- [USER-SERVICE] [           main] o.s.b.w.embedded.tomcat.TomcatWebServer  : Tomcat started on port 61370 (http) with context path ''
2026-03-23T21:58:06.317+05:30  INFO 54136 --- [USER-SERVICE] [           main] .s.c.n.e.s.EurekaAutoServiceRegistration : Updating port to 61370
2026-03-23T21:58:06.319+05:30  INFO 54136 --- [USER-SERVICE] [           main] o.s.c.n.eureka.InstanceInfoFactory       : Setting initial instance status as: STARTING
2026-03-23T21:58:06.363+05:30  INFO 54136 --- [USER-SERVICE] [           main] com.netflix.discovery.DiscoveryClient    : Initializing Eureka in region us-east-1
2026-03-23T21:58:06.365+05:30  INFO 54136 --- [USER-SERVICE] [           main] c.n.d.s.r.aws.ConfigClusterResolver      : Resolving eureka endpoints via configuration
2026-03-23T21:58:06.374+05:30  INFO 54136 --- [USER-SERVICE] [           main] com.netflix.discovery.DiscoveryClient    : Disable delta property : false
2026-03-23T21:58:06.374+05:30  INFO 54136 --- [USER-SERVICE] [           main] com.netflix.discovery.DiscoveryClient    : Single vip registry refresh property : null
2026-03-23T21:58:06.374+05:30  INFO 54136 --- [USER-SERVICE] [           main] com.netflix.discovery.DiscoveryClient    : Force full registry fetch : false
2026-03-23T21:58:06.374+05:30  INFO 54136 --- [USER-SERVICE] [           main] com.netflix.discovery.DiscoveryClient    : Application is null : false
2026-03-23T21:58:06.374+05:30  INFO 54136 --- [USER-SERVICE] [           main] com.netflix.discovery.DiscoveryClient    : Registered Applications size is zero : true
2026-03-23T21:58:06.374+05:30  INFO 54136 --- [USER-SERVICE] [           main] com.netflix.discovery.DiscoveryClient    : Application version is -1: true
2026-03-23T21:58:06.374+05:30  INFO 54136 --- [USER-SERVICE] [           main] com.netflix.discovery.DiscoveryClient    : Getting all instance registry info from the eureka server
2026-03-23T21:58:06.520+05:30  INFO 54136 --- [USER-SERVICE] [           main] com.netflix.discovery.DiscoveryClient    : The response status is 200
2026-03-23T21:58:06.521+05:30  INFO 54136 --- [USER-SERVICE] [           main] com.netflix.discovery.DiscoveryClient    : Starting heartbeat executor: renew interval is: 30
2026-03-23T21:58:06.522+05:30  INFO 54136 --- [USER-SERVICE] [           main] c.n.discovery.InstanceInfoReplicator     : InstanceInfoReplicator onDemand update allowed rate per min is 4
2026-03-23T21:58:06.524+05:30  INFO 54136 --- [USER-SERVICE] [           main] com.netflix.discovery.DiscoveryClient    : Discovery Client initialized at timestamp 1774283286524 with initial instances count: 1
2026-03-23T21:58:06.525+05:30  INFO 54136 --- [USER-SERVICE] [           main] o.s.c.n.e.s.EurekaServiceRegistry        : Registering application USER-SERVICE with eureka with status UP
2026-03-23T21:58:06.526+05:30  INFO 54136 --- [USER-SERVICE] [           main] com.netflix.discovery.DiscoveryClient    : Saw local status change event StatusChangeEvent [timestamp=1774283286525, current=UP, previous=STARTING]
2026-03-23T21:58:06.526+05:30  INFO 54136 --- [USER-SERVICE] [nfoReplicator-0] com.netflix.discovery.DiscoveryClient    : DiscoveryClient_USER-SERVICE/"USER-SERVICE:f3eb43c9-ecc8-4aea-8792-ac0408163cfe": registering service...
2026-03-23T21:58:06.534+05:30  INFO 54136 --- [USER-SERVICE] [           main] c.e.userservice.UserserviceApplication   : Started UserserviceApplication in 4.06 seconds (process running for 4.34)
2026-03-23T21:58:06.544+05:30  INFO 54136 --- [USER-SERVICE] [nfoReplicator-0] com.netflix.discovery.DiscoveryClient    : DiscoveryClient_USER-SERVICE/"USER-SERVICE:f3eb43c9-ecc8-4aea-8792-ac0408163cfe" - registration status: 204
Hibernate: select oc1_0.id,oc1_0.created_at,oc1_0.email,oc1_0.otp,oc1_0.status from otp_codes oc1_0 where oc1_0.created_at<?
Hibernate: select oc1_0.id,oc1_0.created_at,oc1_0.email,oc1_0.otp,oc1_0.status from otp_codes oc1_0 where oc1_0.created_at<?
2026-03-23T21:58:06.588+05:30  INFO 54136 --- [USER-SERVICE] [   scheduling-1] c.e.u.service.OtpCleanUpService          : OTP cleanup: deleted 0 rows older than 2026-03-23T16:23:06.537215Z
2026-03-23T21:58:06.588+05:30  INFO 54136 --- [USER-SERVICE] [           main] c.e.u.service.OtpCleanUpService          : OTP cleanup: deleted 0 rows older than 2026-03-23T16:23:06.537215Z
2026-03-23T22:03:06.381+05:30  INFO 54136 --- [USER-SERVICE] [trap-executor-0] c.n.d.s.r.aws.ConfigClusterResolver      : Resolving eureka endpoints via configuration
[INFO] ------------------------------------------------------------------------
[INFO] BUILD FAILURE
[INFO] ------------------------------------------------------------------------
[INFO] Total time:  08:29 min
[INFO] Finished at: 2026-03-23T22:06:29+05:30
[INFO] ------------------------------------------------------------------------
[ERROR] Failed to execute goal org.springframework.boot:spring-boot-maven-plugin:3.2.5:run (default-cli) on project Userservice: Process terminated with exit code: 137 -> [Help 1]
[ERROR] 
[ERROR] To see the full stack trace of the errors, re-run Maven with the -e switch.
[ERROR] Re-run Maven using the -X switch to enable full debug logging.
[ERROR] 
[ERROR] For more information about the errors and possible solutions, please read the following articles:
[ERROR] [Help 1] http://cwiki.apache.org/confluence/display/MAVEN/MojoExecutionException
