[INFO] Scanning for projects...
[WARNING] 
[WARNING] Some problems were encountered while building the effective model for com.example:InventoryService:jar:0.0.1-SNAPSHOT
[WARNING] 'dependencies.dependency.(groupId:artifactId:type:classifier)' must be unique: org.springframework.boot:spring-boot-starter-webflux:jar -> duplicate declaration of version (?) @ line 65, column 21
[WARNING] 
[WARNING] It is highly recommended to fix these problems because they threaten the stability of your build.
[WARNING] 
[WARNING] For this reason, future Maven versions might no longer support building such malformed projects.
[WARNING] 
[INFO] 
[INFO] --------------------< com.example:InventoryService >--------------------
[INFO] Building InventoryService 0.0.1-SNAPSHOT
[INFO]   from pom.xml
[INFO] --------------------------------[ jar ]---------------------------------
[INFO] 
[INFO] >>> spring-boot:3.2.5:run (default-cli) > test-compile @ InventoryService >>>
[INFO] 
[INFO] --- resources:3.3.1:resources (default-resources) @ InventoryService ---
[INFO] Copying 1 resource from src/main/resources to target/classes
[INFO] Copying 0 resource from src/main/resources to target/classes
[INFO] 
[INFO] --- compiler:3.11.0:compile (default-compile) @ InventoryService ---
[INFO] Nothing to compile - all classes are up to date
[INFO] 
[INFO] --- resources:3.3.1:testResources (default-testResources) @ InventoryService ---
[INFO] skip non existing resourceDirectory /Users/abishekvishva/Documents/Projects/Instabuy/backend/InventoryService/src/test/resources
[INFO] 
[INFO] --- compiler:3.11.0:testCompile (default-testCompile) @ InventoryService ---
[INFO] Nothing to compile - all classes are up to date
[INFO] 
[INFO] <<< spring-boot:3.2.5:run (default-cli) < test-compile @ InventoryService <<<
[INFO] 
[INFO] 
[INFO] --- spring-boot:3.2.5:run (default-cli) @ InventoryService ---
[INFO] Attaching agents: []

  .   ____          _            __ _ _
 /\\ / ___'_ __ _ _(_)_ __  __ _ \ \ \ \
( ( )\___ | '_ | '_| | '_ \/ _` | \ \ \ \
 \\/  ___)| |_)| | | | | || (_| |  ) ) ) )
  '  |____| .__|_| |_|_| |_\__, | / / / /
 =========|_|==============|___/=/_/_/_/
 :: Spring Boot ::                (v3.2.5)

2026-03-23T21:58:02.320+05:30  INFO 54133 --- [INVENTORY-SERVICE] [           main] c.e.I.InventoryserviceApplication        : Starting InventoryserviceApplication using Java 21.0.4 with PID 54133 (/Users/abishekvishva/Documents/Projects/Instabuy/backend/InventoryService/target/classes started by abishekvishva in /Users/abishekvishva/Documents/Projects/Instabuy/backend/InventoryService)
2026-03-23T21:58:02.322+05:30  INFO 54133 --- [INVENTORY-SERVICE] [           main] c.e.I.InventoryserviceApplication        : No active profile set, falling back to 1 default profile: "default"
2026-03-23T21:58:03.070+05:30  INFO 54133 --- [INVENTORY-SERVICE] [           main] .s.d.r.c.RepositoryConfigurationDelegate : Bootstrapping Spring Data JPA repositories in DEFAULT mode.
2026-03-23T21:58:03.240+05:30  INFO 54133 --- [INVENTORY-SERVICE] [           main] .s.d.r.c.RepositoryConfigurationDelegate : Finished Spring Data repository scanning in 167 ms. Found 1 JPA repository interface.
2026-03-23T21:58:03.600+05:30  INFO 54133 --- [INVENTORY-SERVICE] [           main] o.s.cloud.context.scope.GenericScope     : BeanFactory id=7fffb185-2d8d-31b2-9da6-bc60b27171e9
2026-03-23T21:58:03.716+05:30  WARN 54133 --- [INVENTORY-SERVICE] [           main] trationDelegate$BeanPostProcessorChecker : Bean 'org.springframework.cloud.client.loadbalancer.LoadBalancerAutoConfiguration$DeferringLoadBalancerInterceptorConfig' of type [org.springframework.cloud.client.loadbalancer.LoadBalancerAutoConfiguration$DeferringLoadBalancerInterceptorConfig] is not eligible for getting processed by all BeanPostProcessors (for example: not eligible for auto-proxying). The currently created BeanPostProcessor [lbRestClientPostProcessor] is declared through a non-static factory method on that class; consider declaring it as static instead.
2026-03-23T21:58:03.718+05:30  WARN 54133 --- [INVENTORY-SERVICE] [           main] trationDelegate$BeanPostProcessorChecker : Bean 'deferringLoadBalancerInterceptor' of type [org.springframework.cloud.client.loadbalancer.DeferringLoadBalancerInterceptor] is not eligible for getting processed by all BeanPostProcessors (for example: not eligible for auto-proxying). Is this bean getting eagerly injected into a currently created BeanPostProcessor [lbRestClientPostProcessor]? Check the corresponding BeanPostProcessor declaration and its dependencies.
2026-03-23T21:58:03.719+05:30  WARN 54133 --- [INVENTORY-SERVICE] [           main] trationDelegate$BeanPostProcessorChecker : Bean 'org.springframework.cloud.client.loadbalancer.reactive.LoadBalancerBeanPostProcessorAutoConfiguration' of type [org.springframework.cloud.client.loadbalancer.reactive.LoadBalancerBeanPostProcessorAutoConfiguration] is not eligible for getting processed by all BeanPostProcessors (for example: not eligible for auto-proxying). The currently created BeanPostProcessor [loadBalancerWebClientBuilderBeanPostProcessor] is declared through a non-static factory method on that class; consider declaring it as static instead.
2026-03-23T21:58:03.719+05:30  WARN 54133 --- [INVENTORY-SERVICE] [           main] trationDelegate$BeanPostProcessorChecker : Bean 'org.springframework.cloud.client.loadbalancer.reactive.LoadBalancerBeanPostProcessorAutoConfiguration$ReactorDeferringLoadBalancerFilterConfig' of type [org.springframework.cloud.client.loadbalancer.reactive.LoadBalancerBeanPostProcessorAutoConfiguration$ReactorDeferringLoadBalancerFilterConfig] is not eligible for getting processed by all BeanPostProcessors (for example: not eligible for auto-proxying). Is this bean getting eagerly injected into a currently created BeanPostProcessor [loadBalancerWebClientBuilderBeanPostProcessor]? Check the corresponding BeanPostProcessor declaration and its dependencies.
2026-03-23T21:58:03.720+05:30  WARN 54133 --- [INVENTORY-SERVICE] [           main] trationDelegate$BeanPostProcessorChecker : Bean 'reactorDeferringLoadBalancerExchangeFilterFunction' of type [org.springframework.cloud.client.loadbalancer.reactive.DeferringLoadBalancerExchangeFilterFunction] is not eligible for getting processed by all BeanPostProcessors (for example: not eligible for auto-proxying). Is this bean getting eagerly injected into a currently created BeanPostProcessor [loadBalancerWebClientBuilderBeanPostProcessor]? Check the corresponding BeanPostProcessor declaration and its dependencies.
2026-03-23T21:58:03.873+05:30  INFO 54133 --- [INVENTORY-SERVICE] [           main] o.s.b.w.embedded.tomcat.TomcatWebServer  : Tomcat initialized with port 0 (http)
2026-03-23T21:58:03.880+05:30  INFO 54133 --- [INVENTORY-SERVICE] [           main] o.apache.catalina.core.StandardService   : Starting service [Tomcat]
2026-03-23T21:58:03.880+05:30  INFO 54133 --- [INVENTORY-SERVICE] [           main] o.apache.catalina.core.StandardEngine    : Starting Servlet engine: [Apache Tomcat/10.1.20]
2026-03-23T21:58:03.936+05:30  INFO 54133 --- [INVENTORY-SERVICE] [           main] o.a.c.c.C.[Tomcat].[localhost].[/]       : Initializing Spring embedded WebApplicationContext
2026-03-23T21:58:03.937+05:30  INFO 54133 --- [INVENTORY-SERVICE] [           main] w.s.c.ServletWebServerApplicationContext : Root WebApplicationContext: initialization completed in 1574 ms
2026-03-23T21:58:04.061+05:30  INFO 54133 --- [INVENTORY-SERVICE] [           main] o.hibernate.jpa.internal.util.LogHelper  : HHH000204: Processing PersistenceUnitInfo [name: default]
2026-03-23T21:58:04.084+05:30  INFO 54133 --- [INVENTORY-SERVICE] [           main] org.hibernate.Version                    : HHH000412: Hibernate ORM core version 6.4.4.Final
2026-03-23T21:58:04.113+05:30  INFO 54133 --- [INVENTORY-SERVICE] [           main] o.h.c.internal.RegionFactoryInitiator    : HHH000026: Second-level cache disabled
2026-03-23T21:58:04.264+05:30  INFO 54133 --- [INVENTORY-SERVICE] [           main] o.s.o.j.p.SpringPersistenceUnitInfo      : No LoadTimeWeaver setup: ignoring JPA class transformer
2026-03-23T21:58:04.276+05:30  INFO 54133 --- [INVENTORY-SERVICE] [           main] com.zaxxer.hikari.HikariDataSource       : HikariPool-1 - Starting...
2026-03-23T21:58:04.413+05:30  INFO 54133 --- [INVENTORY-SERVICE] [           main] com.zaxxer.hikari.pool.HikariPool        : HikariPool-1 - Added connection com.mysql.cj.jdbc.ConnectionImpl@7b3c2ae0
2026-03-23T21:58:04.414+05:30  INFO 54133 --- [INVENTORY-SERVICE] [           main] com.zaxxer.hikari.HikariDataSource       : HikariPool-1 - Start completed.
2026-03-23T21:58:04.472+05:30  WARN 54133 --- [INVENTORY-SERVICE] [           main] org.hibernate.orm.deprecation            : HHH90000025: MySQLDialect does not need to be specified explicitly using 'hibernate.dialect' (remove the property setting and it will be selected by default)
2026-03-23T21:58:05.044+05:30  INFO 54133 --- [INVENTORY-SERVICE] [           main] o.h.e.t.j.p.i.JtaPlatformInitiator       : HHH000489: No JTA platform available (set 'hibernate.transaction.jta.platform' to enable JTA platform integration)
2026-03-23T21:58:05.084+05:30  INFO 54133 --- [INVENTORY-SERVICE] [           main] j.LocalContainerEntityManagerFactoryBean : Initialized JPA EntityManagerFactory for persistence unit 'default'
2026-03-23T21:58:05.485+05:30  WARN 54133 --- [INVENTORY-SERVICE] [           main] JpaBaseConfiguration$JpaWebConfiguration : spring.jpa.open-in-view is enabled by default. Therefore, database queries may be performed during view rendering. Explicitly configure spring.jpa.open-in-view to disable this warning
2026-03-23T21:58:05.610+05:30  WARN 54133 --- [INVENTORY-SERVICE] [           main] .s.s.UserDetailsServiceAutoConfiguration : 

Using generated security password: ac064b5d-d791-40e9-ad9e-0603ea8a39a7

This generated password is for development use only. Your security configuration must be updated before running your application in production.

2026-03-23T21:58:05.788+05:30  INFO 54133 --- [INVENTORY-SERVICE] [           main] o.s.s.web.DefaultSecurityFilterChain     : Will secure any request with [org.springframework.security.web.session.DisableEncodeUrlFilter@b3cbc0e, org.springframework.security.web.context.request.async.WebAsyncManagerIntegrationFilter@66e27ac9, org.springframework.security.web.context.SecurityContextHolderFilter@64dcfd09, org.springframework.security.web.header.HeaderWriterFilter@7f72855d, org.springframework.web.filter.CorsFilter@453bbb9b, org.springframework.security.web.authentication.logout.LogoutFilter@14f03f2, com.example.InventoryService.security.JwtAuthenticationFilter@415795f3, org.springframework.security.web.savedrequest.RequestCacheAwareFilter@6d2693f, org.springframework.security.web.servletapi.SecurityContextHolderAwareRequestFilter@352a8183, org.springframework.security.web.authentication.AnonymousAuthenticationFilter@170b27a7, org.springframework.security.web.access.ExceptionTranslationFilter@2f307fcc, org.springframework.security.web.access.intercept.AuthorizationFilter@67915454]
2026-03-23T21:58:05.969+05:30  INFO 54133 --- [INVENTORY-SERVICE] [           main] DiscoveryClientOptionalArgsConfiguration : Eureka HTTP Client uses RestTemplate.
2026-03-23T21:58:05.990+05:30  WARN 54133 --- [INVENTORY-SERVICE] [           main] iguration$LoadBalancerCaffeineWarnLogger : Spring Cloud LoadBalancer is currently working with the default cache. While this cache implementation is useful for development and tests, it's recommended to use Caffeine cache in production.You can switch to using Caffeine cache, by adding it and org.springframework.cache.caffeine.CaffeineCacheManager to the classpath.
2026-03-23T21:58:06.016+05:30  INFO 54133 --- [INVENTORY-SERVICE] [           main] o.s.b.w.embedded.tomcat.TomcatWebServer  : Tomcat started on port 61366 (http) with context path ''
2026-03-23T21:58:06.017+05:30  INFO 54133 --- [INVENTORY-SERVICE] [           main] .s.c.n.e.s.EurekaAutoServiceRegistration : Updating port to 61366
2026-03-23T21:58:06.019+05:30  INFO 54133 --- [INVENTORY-SERVICE] [           main] o.s.c.n.eureka.InstanceInfoFactory       : Setting initial instance status as: STARTING
2026-03-23T21:58:06.074+05:30  INFO 54133 --- [INVENTORY-SERVICE] [           main] com.netflix.discovery.DiscoveryClient    : Initializing Eureka in region us-east-1
2026-03-23T21:58:06.077+05:30  INFO 54133 --- [INVENTORY-SERVICE] [           main] c.n.d.s.r.aws.ConfigClusterResolver      : Resolving eureka endpoints via configuration
2026-03-23T21:58:06.090+05:30  INFO 54133 --- [INVENTORY-SERVICE] [           main] com.netflix.discovery.DiscoveryClient    : Disable delta property : false
2026-03-23T21:58:06.090+05:30  INFO 54133 --- [INVENTORY-SERVICE] [           main] com.netflix.discovery.DiscoveryClient    : Single vip registry refresh property : null
2026-03-23T21:58:06.090+05:30  INFO 54133 --- [INVENTORY-SERVICE] [           main] com.netflix.discovery.DiscoveryClient    : Force full registry fetch : false
2026-03-23T21:58:06.090+05:30  INFO 54133 --- [INVENTORY-SERVICE] [           main] com.netflix.discovery.DiscoveryClient    : Application is null : false
2026-03-23T21:58:06.090+05:30  INFO 54133 --- [INVENTORY-SERVICE] [           main] com.netflix.discovery.DiscoveryClient    : Registered Applications size is zero : true
2026-03-23T21:58:06.090+05:30  INFO 54133 --- [INVENTORY-SERVICE] [           main] com.netflix.discovery.DiscoveryClient    : Application version is -1: true
2026-03-23T21:58:06.090+05:30  INFO 54133 --- [INVENTORY-SERVICE] [           main] com.netflix.discovery.DiscoveryClient    : Getting all instance registry info from the eureka server
2026-03-23T21:58:06.265+05:30  INFO 54133 --- [INVENTORY-SERVICE] [           main] com.netflix.discovery.DiscoveryClient    : The response status is 200
2026-03-23T21:58:06.266+05:30  INFO 54133 --- [INVENTORY-SERVICE] [           main] com.netflix.discovery.DiscoveryClient    : Starting heartbeat executor: renew interval is: 30
2026-03-23T21:58:06.267+05:30  INFO 54133 --- [INVENTORY-SERVICE] [           main] c.n.discovery.InstanceInfoReplicator     : InstanceInfoReplicator onDemand update allowed rate per min is 4
2026-03-23T21:58:06.270+05:30  INFO 54133 --- [INVENTORY-SERVICE] [           main] com.netflix.discovery.DiscoveryClient    : Discovery Client initialized at timestamp 1774283286270 with initial instances count: 1
2026-03-23T21:58:06.272+05:30  INFO 54133 --- [INVENTORY-SERVICE] [           main] o.s.c.n.e.s.EurekaServiceRegistry        : Registering application INVENTORY-SERVICE with eureka with status UP
2026-03-23T21:58:06.272+05:30  INFO 54133 --- [INVENTORY-SERVICE] [           main] com.netflix.discovery.DiscoveryClient    : Saw local status change event StatusChangeEvent [timestamp=1774283286272, current=UP, previous=STARTING]
2026-03-23T21:58:06.273+05:30  INFO 54133 --- [INVENTORY-SERVICE] [nfoReplicator-0] com.netflix.discovery.DiscoveryClient    : DiscoveryClient_INVENTORY-SERVICE/"INVENTORY-SERVICE:78c87364-e139-4d98-9583-53b307b064a4": registering service...
2026-03-23T21:58:06.286+05:30  INFO 54133 --- [INVENTORY-SERVICE] [           main] c.e.I.InventoryserviceApplication        : Started InventoryserviceApplication in 4.542 seconds (process running for 4.929)
2026-03-23T21:58:06.294+05:30  INFO 54133 --- [INVENTORY-SERVICE] [nfoReplicator-0] com.netflix.discovery.DiscoveryClient    : DiscoveryClient_INVENTORY-SERVICE/"INVENTORY-SERVICE:78c87364-e139-4d98-9583-53b307b064a4" - registration status: 204
2026-03-23T22:03:06.097+05:30  INFO 54133 --- [INVENTORY-SERVICE] [trap-executor-0] c.n.d.s.r.aws.ConfigClusterResolver      : Resolving eureka endpoints via configuration
[INFO] ------------------------------------------------------------------------
[INFO] BUILD FAILURE
[INFO] ------------------------------------------------------------------------
[INFO] Total time:  08:33 min
[INFO] Finished at: 2026-03-23T22:06:32+05:30
[INFO] ------------------------------------------------------------------------
[ERROR] Failed to execute goal org.springframework.boot:spring-boot-maven-plugin:3.2.5:run (default-cli) on project InventoryService: Process terminated with exit code: 137 -> [Help 1]
[ERROR] 
[ERROR] To see the full stack trace of the errors, re-run Maven with the -e switch.
[ERROR] Re-run Maven using the -X switch to enable full debug logging.
[ERROR] 
[ERROR] For more information about the errors and possible solutions, please read the following articles:
[ERROR] [Help 1] http://cwiki.apache.org/confluence/display/MAVEN/MojoExecutionException
